Remove Pin=P8-3 From Net=MMC1_DAT6
Remove Pin=P8-6 From Net=MMC1_DAT3
Remove Pin=P8-7 From Net=TIMER4
Remove Pin=P8-8 From Net=TIMER7
Remove Pin=P8-9 From Net=TIMER5
Remove Pin=P8-10 From Net=TIMER6
Remove Pin=P8-11 From Net=GPIO1_13
Remove Pin=P8-13 From Net=EHRPWM2B
Remove Pin=P8-14 From Net=GPIO0_26
Remove Pin=P8-15 From Net=GPIO1_15
Remove Pin=P8-16 From Net=GPIO1_14
Remove Pin=P8-19 From Net=EHRPWM2A
Remove Pin=P8-20 From Net=MMC1_CMD
Remove Pin=P8-21 From Net=MMC1_CLK
Remove Pin=P8-22 From Net=MMC1_DAT5
Remove Pin=P8-24 From Net=MMC1_DAT1
Remove Pin=P8-25 From Net=MMC1_DAT0
Remove Pin=P8-27 From Net=LCD_VSYNC
Remove Pin=P8-28 From Net=LCD_PCLK
Remove Pin=P8-29 From Net=LCD_HSYNC
Remove Pin=P8-30 From Net=LCD_DE
Remove Pin=P8-31 From Net=LCD_DATA14
Remove Pin=P8-32 From Net=LCD_DATA15
Remove Pin=P8-33 From Net=LCD_DATA13
Remove Pin=P8-34 From Net=LCD_DATA11
Remove Pin=P8-35 From Net=LCD_DATA12
Remove Pin=P8-36 From Net=LCD_DATA10
Remove Pin=P8-37 From Net=LCD_DATA8
Remove Pin=P8-38 From Net=LCD_DATA9
Remove Pin=P8-39 From Net=LCD_DATA6
Remove Pin=P8-40 From Net=LCD_DATA7
Remove Pin=P8-41 From Net=LCD_DATA4
Remove Pin=P8-42 From Net=LCD_DATA5
Remove Pin=P8-43 From Net=LCD_DATA2
Remove Pin=P8-44 From Net=LCD_DATA3
Remove Pin=P8-45 From Net=LCD_DATA0
Remove Pin=P8-46 From Net=LCD_DATA1
Remove Pin=P9-9 From Net=PWR_BUT
Remove Pin=P9-10 From Net=SYS_RESETN
Remove Pin=P9-11 From Net=UART4_RXD
Remove Pin=P9-12 From Net=GPIO1_28
Remove Pin=P9-13 From Net=UART4_TXD
Remove Pin=P9-14 From Net=EHRPWM1A
Remove Pin=P9-15 From Net=GPIO1_16
Remove Pin=P9-16 From Net=EHRPWM1B
Remove Pin=P9-17 From Net=I2C1_SCL
Remove Pin=P9-18 From Net=I2C1_SDA
Remove Pin=P9-23 From Net=GPIO1_17
Remove Pin=P9-25 From Net=GPIO3_21
Remove Pin=P9-27 From Net=GPIO3_19
Remove Pin=P9-28 From Net=SPI1_CS0
Remove Pin=P9-29 From Net=SPI1_D0
Remove Pin=P9-30 From Net=SPI1_D1
Remove Pin=P9-31 From Net=SPI1_SCLK
Remove Pin=P9-33 From Net=AIN4
Remove Pin=P9-35 From Net=AIN6
Remove Pin=P9-36 From Net=AIN5
Remove Pin=P9-37 From Net=AIN2
Remove Pin=P9-38 From Net=AIN3
Remove Pin=P9-39 From Net=AIN0
Remove Pin=P9-40 From Net=AIN1
Remove Pin=P9-41 From Net=CLKOUT2
Remove Pin=P9-42 From Net=GPIO0_7
