Removed Pin From Net: NetName=GPIO0_27 Pin=TJA1027-SLPN
Removed Pin From Net: NetName=MMC1_DAT2 Pin=TJA1043-EN
Removed Pin From Net: NetName=GPIO2_1 Pin=TJA1043-ERR_N
Removed Pin From Net: NetName=MMC1_DAT7 Pin=TJA1043-STB_N
Removed Pin From Net: NetName=GPIO1_12 Pin=TJA10432-EN
Removed Pin From Net: NetName=GPIO1_29 Pin=TJA10432-ERR_N
Removed Pin From Net: NetName=MMC1_DAT4 Pin=TJA10432-STB_N
Removed Member From Class: ClassName=U_5v_REG_1 Member=C1
Removed Member From Class: ClassName=U_5v_REG_2 Member=C1
Removed Member From Class: ClassName=U_EMI_Prot_2 Member=C1
Removed Member From Class: ClassName=U_EMI_Prot_Circ1 Member=C1
Removed Member From Class: ClassName=U_EMI_Prot_Circ2 Member=C1
Removed Member From Class: ClassName=U_EMI_Prot_Circ3 Member=C1
Removed Member From Class: ClassName=U_5v_REG_1 Member=C2
Removed Member From Class: ClassName=U_5v_REG_2 Member=C2
Removed Member From Class: ClassName=U_EMI_Prot_2 Member=C2
Removed Member From Class: ClassName=U_EMI_Prot_Circ1 Member=C2
Removed Member From Class: ClassName=U_EMI_Prot_Circ2 Member=C2
Removed Member From Class: ClassName=U_EMI_Prot_Circ3 Member=C2
Removed Member From Class: ClassName=U_5v_REG_1 Member=C3
Removed Member From Class: ClassName=U_5v_REG_2 Member=C3
Removed Member From Class: ClassName=U_5v_REG_1 Member=C4
Removed Member From Class: ClassName=U_5v_REG_2 Member=C4
Removed Member From Class: ClassName=U_5v_REG_1 Member=Cc1
Removed Member From Class: ClassName=U_5v_REG_1 Member=L1
Removed Member From Class: ClassName=U_5v_REG_1 Member=LM2678-5
Removed Member From Class: ClassName=U_EMI_Prot_2 Member=PMOS
Removed Member From Class: ClassName=U_EMI_Prot_Circ1 Member=PMOS
Removed Member From Class: ClassName=U_EMI_Prot_Circ2 Member=PMOS
Removed Member From Class: ClassName=U_5v_REG_1 Member=Schott_D1
Removed Member From Class: ClassName=U_5v_REG_1 Member=TanC1
Removed Member From Class: ClassName=U_5v_REG_1 Member=TanC3
Change Component Designator: OldDesignator=C1 NewDesignator=C1_U_5v_REG_1
Change Component Designator: OldDesignator=C1 NewDesignator=C1_U_5v_REG_2
Change Component Designator: OldDesignator=C1 NewDesignator=C1_U_EMI_Prot_2
Change Component Designator: OldDesignator=C1 NewDesignator=C1_U_EMI_Prot_Circ1
Change Component Designator: OldDesignator=C1 NewDesignator=C1_U_EMI_Prot_Circ2
Change Component Designator: OldDesignator=C1 NewDesignator=C1_U_EMI_Prot_Circ3
Change Component Designator: OldDesignator=C2 NewDesignator=C2_U_5v_REG_1
Change Component Designator: OldDesignator=C2 NewDesignator=C2_U_5v_REG_2
Change Component Designator: OldDesignator=C2 NewDesignator=C2_U_EMI_Prot_2
Change Component Designator: OldDesignator=C2 NewDesignator=C2_U_EMI_Prot_Circ1
Change Component Designator: OldDesignator=C2 NewDesignator=C2_U_EMI_Prot_Circ2
Change Component Designator: OldDesignator=C2 NewDesignator=C2_U_EMI_Prot_Circ3
Change Component Designator: OldDesignator=C3 NewDesignator=C3_U_5v_REG_1
Change Component Designator: OldDesignator=C3 NewDesignator=C3_U_5v_REG_2
Change Component Designator: OldDesignator=C4 NewDesignator=C4_U_5v_REG_1
Change Component Designator: OldDesignator=C4 NewDesignator=C4_U_5v_REG_2
Change Component Designator: OldDesignator=Cc1 NewDesignator=Cc1_U_5v_REG_1
Change Component Designator: OldDesignator=Cc1 NewDesignator=Cc1_U_5v_REG_2
Change Component Designator: OldDesignator=L1 NewDesignator=L1_U_5v_REG_1
Change Component Designator: OldDesignator=L1 NewDesignator=L1_U_5v_REG_2
Change Component Designator: OldDesignator=LFer_Lai NewDesignator=LFer_Lai_U_EMI_Prot_2
Change Component Designator: OldDesignator=LFerr_M NewDesignator=LFerr_M_U_EMI_Prot_Circ1
Change Component Designator: OldDesignator=LFerr_M NewDesignator=LFerr_M_U_EMI_Prot_Circ2
Change Component Designator: OldDesignator=LFerr_M NewDesignator=LFerr_M_U_EMI_Prot_Circ3
Change Component Designator: OldDesignator=LM2678-5 NewDesignator=LM2678-5_U_5v_REG_1
Change Component Designator: OldDesignator=LM2678-5 NewDesignator=LM2678-5_U_5v_REG_2
Change Component Designator: OldDesignator=PMOS NewDesignator=PMOS_U_EMI_Prot_2
Change Component Designator: OldDesignator=PMOS NewDesignator=PMOS_U_EMI_Prot_Circ1
Change Component Designator: OldDesignator=PMOS NewDesignator=PMOS_U_EMI_Prot_Circ2
Change Component Designator: OldDesignator=PMOS NewDesignator=PMOS_U_EMI_Prot_Circ3
Change Component Designator: OldDesignator=Schott_D1 NewDesignator=Schott_D1_U_5v_REG_1
Change Component Designator: OldDesignator=Schott_D1 NewDesignator=Schott_D1_U_5v_REG_2
Change Component Designator: OldDesignator=TanC1 NewDesignator=TanCap1_U_5v_REG_1
Change Component Designator: OldDesignator=TanC1 NewDesignator=TanCap1_U_5v_REG_2
Change Component Designator: OldDesignator=TanC2 NewDesignator=TanCap2_U_5v_REG_2
Change Component Designator: OldDesignator=TanC3 NewDesignator=TanCap3_U_5v_REG_1
Change Component Designator: OldDesignator=TanC3 NewDesignator=TanCap3_U_5v_REG_2
Change Component Designator: OldDesignator=TanC NewDesignator=TanCap2_U_5v_REG_1
Change Component Designator: OldDesignator=TJA1043 NewDesignator=TJA1043-1
Added Pin To Net: NetName=GPIO2_1 Pin=TJA1027-SLPN
Added Pin To Net: NetName=GPIO0_27 Pin=TJA1043-1-EN
Added Pin To Net: NetName=MMC1_DAT4 Pin=TJA1043-1-ERR_N
Added Pin To Net: NetName=MMC1_DAT2 Pin=TJA1043-1-STB_N
Added Pin To Net: NetName=MMC1_DAT7 Pin=TJA10432-EN
Added Pin To Net: NetName=GPIO1_12 Pin=TJA10432-ERR_N
Added Pin To Net: NetName=GPIO1_29 Pin=TJA10432-STB_N
Added Member To Class: ClassName=U_5v_REG_1 Member=Component C1_U_5v_REG_1 (C1) Cap Semi
Added Member To Class: ClassName=U_5v_REG_2 Member=Component C1_U_5v_REG_2 (C1) Cap Semi
Added Member To Class: ClassName=U_EMI_Prot_2 Member=Component C1_U_EMI_Prot_2 (C1) Cap Semi
Added Member To Class: ClassName=U_EMI_Prot_Circ1 Member=Component C1_U_EMI_Prot_Circ1 (C1) Cap Semi
Added Member To Class: ClassName=U_EMI_Prot_Circ2 Member=Component C1_U_EMI_Prot_Circ2 (C1) Cap Semi
Added Member To Class: ClassName=U_EMI_Prot_Circ3 Member=Component C1_U_EMI_Prot_Circ3 (C1) Cap Semi
Added Member To Class: ClassName=U_5v_REG_1 Member=Component C2_U_5v_REG_1 (C2) Cap Semi
Added Member To Class: ClassName=U_5v_REG_2 Member=Component C2_U_5v_REG_2 (C2) Cap Semi
Added Member To Class: ClassName=U_EMI_Prot_2 Member=Component C2_U_EMI_Prot_2 (C2) Cap Semi
Added Member To Class: ClassName=U_EMI_Prot_Circ1 Member=Component C2_U_EMI_Prot_Circ1 (C2) Cap Semi
Added Member To Class: ClassName=U_EMI_Prot_Circ2 Member=Component C2_U_EMI_Prot_Circ2 (C2) Cap Semi
Added Member To Class: ClassName=U_EMI_Prot_Circ3 Member=Component C2_U_EMI_Prot_Circ3 (C2) Cap Semi
Added Member To Class: ClassName=U_5v_REG_1 Member=Component C3_U_5v_REG_1 (C3) Cap Semi
Added Member To Class: ClassName=U_5v_REG_2 Member=Component C3_U_5v_REG_2 (C3) Cap Semi
Added Member To Class: ClassName=U_5v_REG_1 Member=Component C4_U_5v_REG_1 (C4) Cap Semi
Added Member To Class: ClassName=U_5v_REG_2 Member=Component C4_U_5v_REG_2 (C4) Cap Semi
Added Member To Class: ClassName=U_5v_REG_1 Member=Component Cc1_U_5v_REG_1 (Cc1) Cap Semi
Added Member To Class: ClassName=U_5v_REG_1 Member=Component L1_U_5v_REG_1 (L1) Inductor
Added Member To Class: ClassName=U_EMI_Prot_2 Member=Component LFer_Lai_U_EMI_Prot_2 (LFer_Lai) LFerrite_Laird
Added Member To Class: ClassName=U_EMI_Prot_Circ1 Member=Component LFerr_M_U_EMI_Prot_Circ1 (LFerr_M) LFerrite_Murata
Added Member To Class: ClassName=U_EMI_Prot_Circ2 Member=Component LFerr_M_U_EMI_Prot_Circ2 (LFerr_M) LFerrite_Murata
Added Member To Class: ClassName=U_EMI_Prot_Circ3 Member=Component LFerr_M_U_EMI_Prot_Circ3 (LFerr_M) LFerrite_Murata
Added Member To Class: ClassName=U_5v_REG_1 Member=Component LM2678-5_U_5v_REG_1 (LM2678-5) LM2678-2207-5V
Added Member To Class: ClassName=U_EMI_Prot_2 Member=Component PMOS_U_EMI_Prot_2 (PMOS) PMOS
Added Member To Class: ClassName=U_EMI_Prot_Circ1 Member=Component PMOS_U_EMI_Prot_Circ1 (PMOS) PMOS
Added Member To Class: ClassName=U_EMI_Prot_Circ2 Member=Component PMOS_U_EMI_Prot_Circ2 (PMOS) PMOS
Added Member To Class: ClassName=U_5v_REG_1 Member=Component Schott_D1_U_5v_REG_1 (Schott_D1) Schottky_Diode
Added Member To Class: ClassName=U_5v_REG_1 Member=Component TanCap1_U_5v_REG_1 (TanCap1) Tantalum_Capacitor
Added Member To Class: ClassName=U_5v_REG_1 Member=Component TanCap3_U_5v_REG_1 (TanCap3) Tantalum_Capacitor
Added Room: Name=CAN1
Added Room: Name=CAN2
Added Room: Name=U_5v_REG_1
Added Room: Name=U_Circuit_comp
Added Room: Name=U_Header_Conn
Added Room: Name=U_LIN
