Added Component: Designator=BAT_IN(HDR1X2)
Added Component: Designator=C1_U_5v_REG_1(CAP_0805)
Added Component: Designator=C1_U_5v_REG_2(CAP_0805)
Added Component: Designator=C1_U_EMI_Prot_1(CAP_0805)
Added Component: Designator=C1_U_EMI_Prot_2(CAP_0805)
Added Component: Designator=C1_U_EMI_Prot_Circ1(CAP_0805)
Added Component: Designator=C1_U_EMI_Prot_Circ2(CAP_0805)
Added Component: Designator=C1_U_EMI_Prot_Circ3(CAP_0805)
Added Component: Designator=C1(CAP_0805)
Added Component: Designator=C2_U_5v_REG_1(CAP_0805)
Added Component: Designator=C2_U_5v_REG_2(CAP_0805)
Added Component: Designator=C2_U_EMI_Prot_1(CAP_0805)
Added Component: Designator=C2_U_EMI_Prot_2(CAP_0805)
Added Component: Designator=C2_U_EMI_Prot_Circ1(CAP_0805)
Added Component: Designator=C2_U_EMI_Prot_Circ2(CAP_0805)
Added Component: Designator=C2_U_EMI_Prot_Circ3(CAP_0805)
Added Component: Designator=C2(CAP_0805)
Added Component: Designator=C3_U_5v_REG_1(CAP_0805)
Added Component: Designator=C3_U_5v_REG_2(CAP_0805)
Added Component: Designator=C3(CAP_0805)
Added Component: Designator=C4_U_5v_REG_1(CAP_0805)
Added Component: Designator=C4_U_5v_REG_2(CAP_0805)
Added Component: Designator=C4(C1206)
Added Component: Designator=C5(CAP_0805)
Added Component: Designator=C6(CAP_0805)
Added Component: Designator=C13(CAP_0805)
Added Component: Designator=C21(CAP_0805)
Added Component: Designator=C22(CAP_0805)
Added Component: Designator=C25(CAP_0805)
Added Component: Designator=C26(CAP_0805)
Added Component: Designator=C32(CAP_0805)
Added Component: Designator=C33(CAP_0805)
Added Component: Designator=C36(CAP_0805)
Added Component: Designator=C42(C1206)
Added Component: Designator=CANC1(DSUB1.385-2H9)
Added Component: Designator=CANC2(DSUB1.385-2H9)
Added Component: Designator=Cc1_U_5v_REG_1(CAP_0805)
Added Component: Designator=Cc1_U_5v_REG_2(CAP_0805)
Added Component: Designator=CMC2(CMC)
Added Component: Designator=CMC(CMC)
Added Component: Designator=DZen1(Zener_Diode)
Added Component: Designator=J_12V1(HDR1X2)
Added Component: Designator=J_12V2(HDR1X2)
Added Component: Designator=J_Bat(HDR1X2)
Added Component: Designator=J_Cbat1(HDR1X2)
Added Component: Designator=J_Cbat2(HDR1X2)
Added Component: Designator=J_EN1(HDR1X2)
Added Component: Designator=J_EN2(HDR1X2)
Added Component: Designator=J_INH2(HDR1X2)
Added Component: Designator=J_INH(HDR1X2)
Added Component: Designator=L1_U_5v_REG_1(Inductor_reg)
Added Component: Designator=L1_U_5v_REG_2(Inductor_reg)
Added Component: Designator=LFer_Lai_U_EMI_Prot_1(LFerrite_Laird)
Added Component: Designator=LFer_Lai_U_EMI_Prot_2(LFerrite_Laird)
Added Component: Designator=LFerr_M_U_EMI_Prot_Circ1(LFERRITE_MURATA_BLM21A)
Added Component: Designator=LFerr_M_U_EMI_Prot_Circ2(LFERRITE_MURATA_BLM21A)
Added Component: Designator=LFerr_M_U_EMI_Prot_Circ3(LFERRITE_MURATA_BLM21A)
Added Component: Designator=LFerrite(LFerrite)
Added Component: Designator=LIN_Conn(PIN1)
Added Component: Designator=LM2678-5_U_5v_REG_1(TO2207-LM2678)
Added Component: Designator=LM2678-5_U_5v_REG_2(TO2207-LM2678)
Added Component: Designator=P8(Beagle_Header)
Added Component: Designator=P9(Beagle_Header)
Added Component: Designator=PESD1CAN2(SOT32-PESD1CAN)
Added Component: Designator=PESD1CAN(SOT32-PESD1CAN)
Added Component: Designator=PESD1LIN(SOD323-PESD1LIN)
Added Component: Designator=PMOS_U_EMI_Prot_1(PMOS)
Added Component: Designator=PMOS_U_EMI_Prot_2(PMOS)
Added Component: Designator=PMOS_U_EMI_Prot_Circ1(PMOS)
Added Component: Designator=PMOS_U_EMI_Prot_Circ2(PMOS)
Added Component: Designator=PMOS_U_EMI_Prot_Circ3(PMOS)
Added Component: Designator=R1(RES_0805)
Added Component: Designator=R2(RES_0805)
Added Component: Designator=R3(RES_0805)
Added Component: Designator=R11(RES_0805)
Added Component: Designator=R14(14-1210)
Added Component: Designator=R21(RES_0805)
Added Component: Designator=R22(RES_0805)
Added Component: Designator=R23(RES_0805)
Added Component: Designator=R34(14-1210)
Added Component: Designator=R42(14-1210)
Added Component: Designator=Reg1(HDR1X2)
Added Component: Designator=Reg2(HDR1X2)
Added Component: Designator=Schott_D1_U_5v_REG_1(Schottky_diode)
Added Component: Designator=Schott_D1_U_5v_REG_2(Schottky_diode)
Added Component: Designator=TanCap1_U_5v_REG_1(CAP_TANT)
Added Component: Designator=TanCap1_U_5v_REG_2(CAP_TANT)
Added Component: Designator=TanCap2_U_5v_REG_1(CAP_TANT)
Added Component: Designator=TanCap2_U_5v_REG_2(CAP_TANT)
Added Component: Designator=TanCap3_U_5v_REG_1(CAP_TANT)
Added Component: Designator=TanCap3_U_5v_REG_2(CAP_TANT)
Added Component: Designator=TJA1027(SOIC8-TJA1027)
Added Component: Designator=TJA1043-1(SOIC14-TJA1043)
Added Component: Designator=TJA10432(SOIC14-TJA1043)
Added Pin To Net: NetName=NetBAT_IN_1 Pin=BAT_IN-1
Added Pin To Net: NetName=NetBAT_IN_2 Pin=BAT_IN-2
Added Pin To Net: NetName=GND Pin=C1-1
Added Pin To Net: NetName=NetC1_2 Pin=C1-2
Added Pin To Net: NetName=NetBAT_IN_1 Pin=C1_U_5v_REG_1-1
Added Pin To Net: NetName=NetC1_U_5v_REG_1_2 Pin=C1_U_5v_REG_1-2
Added Pin To Net: NetName=NetC1_U_5v_REG_2_1 Pin=C1_U_5v_REG_2-1
Added Pin To Net: NetName=NetC1_U_5v_REG_2_2 Pin=C1_U_5v_REG_2-2
Added Pin To Net: NetName=NetC1_U_EMI_Prot_1_1 Pin=C1_U_EMI_Prot_1-1
Added Pin To Net: NetName=NetBAT_IN_1 Pin=C1_U_EMI_Prot_1-2
Added Pin To Net: NetName=NetC1_U_EMI_Prot_1_1 Pin=C1_U_EMI_Prot_2-1
Added Pin To Net: NetName=NetBAT_IN_1 Pin=C1_U_EMI_Prot_2-2
Added Pin To Net: NetName=NetC1_U_EMI_Prot_1_1 Pin=C1_U_EMI_Prot_Circ1-1
Added Pin To Net: NetName=GND Pin=C1_U_EMI_Prot_Circ1-2
Added Pin To Net: NetName=NetC1_U_EMI_Prot_1_1 Pin=C1_U_EMI_Prot_Circ2-1
Added Pin To Net: NetName=GND Pin=C1_U_EMI_Prot_Circ2-2
Added Pin To Net: NetName=NetC1_U_EMI_Prot_1_1 Pin=C1_U_EMI_Prot_Circ3-1
Added Pin To Net: NetName=NetBAT_IN_1 Pin=C1_U_EMI_Prot_Circ3-2
Added Pin To Net: NetName=GND Pin=C2-1
Added Pin To Net: NetName=NetC2_2 Pin=C2-2
Added Pin To Net: NetName=NetBAT_IN_1 Pin=C2_U_5v_REG_1-1
Added Pin To Net: NetName=NetC1_U_5v_REG_1_2 Pin=C2_U_5v_REG_1-2
Added Pin To Net: NetName=NetC1_U_5v_REG_2_1 Pin=C2_U_5v_REG_2-1
Added Pin To Net: NetName=NetC1_U_5v_REG_2_2 Pin=C2_U_5v_REG_2-2
Added Pin To Net: NetName=NetC2_U_EMI_Prot_1_1 Pin=C2_U_EMI_Prot_1-1
Added Pin To Net: NetName=NetBAT_IN_1 Pin=C2_U_EMI_Prot_1-2
Added Pin To Net: NetName=NetC2_U_EMI_Prot_2_1 Pin=C2_U_EMI_Prot_2-1
Added Pin To Net: NetName=NetBAT_IN_1 Pin=C2_U_EMI_Prot_2-2
Added Pin To Net: NetName=NetC2_U_EMI_Prot_Circ1_1 Pin=C2_U_EMI_Prot_Circ1-1
Added Pin To Net: NetName=GND Pin=C2_U_EMI_Prot_Circ1-2
Added Pin To Net: NetName=NetC2_U_EMI_Prot_Circ2_1 Pin=C2_U_EMI_Prot_Circ2-1
Added Pin To Net: NetName=GND Pin=C2_U_EMI_Prot_Circ2-2
Added Pin To Net: NetName=NetC2_U_EMI_Prot_Circ3_1 Pin=C2_U_EMI_Prot_Circ3-1
Added Pin To Net: NetName=NetBAT_IN_1 Pin=C2_U_EMI_Prot_Circ3-2
Added Pin To Net: NetName=GND Pin=C3-1
Added Pin To Net: NetName=NetC3_2 Pin=C3-2
Added Pin To Net: NetName=NetBAT_IN_1 Pin=C3_U_5v_REG_1-1
Added Pin To Net: NetName=NetC1_U_5v_REG_1_2 Pin=C3_U_5v_REG_1-2
Added Pin To Net: NetName=NetC1_U_5v_REG_2_1 Pin=C3_U_5v_REG_2-1
Added Pin To Net: NetName=NetC1_U_5v_REG_2_2 Pin=C3_U_5v_REG_2-2
Added Pin To Net: NetName=GND Pin=C4-1
Added Pin To Net: NetName=NetC4_2 Pin=C4-2
Added Pin To Net: NetName=NetBAT_IN_1 Pin=C4_U_5v_REG_1-1
Added Pin To Net: NetName=NetC1_U_5v_REG_1_2 Pin=C4_U_5v_REG_1-2
Added Pin To Net: NetName=NetC1_U_5v_REG_2_1 Pin=C4_U_5v_REG_2-1
Added Pin To Net: NetName=NetC1_U_5v_REG_2_2 Pin=C4_U_5v_REG_2-2
Added Pin To Net: NetName=GND Pin=C5-1
Added Pin To Net: NetName=NetC5_2 Pin=C5-2
Added Pin To Net: NetName=GND Pin=C6-1
Added Pin To Net: NetName=NetC6_2 Pin=C6-2
Added Pin To Net: NetName=NetBAT_IN_1 Pin=C13-1
Added Pin To Net: NetName=NetC3_2 Pin=C13-2
Added Pin To Net: NetName=GND Pin=C21-1
Added Pin To Net: NetName=NetC21_2 Pin=C21-2
Added Pin To Net: NetName=GND Pin=C22-1
Added Pin To Net: NetName=NetC2_2 Pin=C22-2
Added Pin To Net: NetName=GND Pin=C25-1
Added Pin To Net: NetName=NetC25_2 Pin=C25-2
Added Pin To Net: NetName=GND Pin=C26-1
Added Pin To Net: NetName=NetC26_2 Pin=C26-2
Added Pin To Net: NetName=GND Pin=C32-1
Added Pin To Net: NetName=NetC3_2 Pin=C32-2
Added Pin To Net: NetName=NetBAT_IN_1 Pin=C33-1
Added Pin To Net: NetName=NetC33_2 Pin=C33-2
Added Pin To Net: NetName=NetBAT_IN_1 Pin=C36-1
Added Pin To Net: NetName=NetC36_2 Pin=C36-2
Added Pin To Net: NetName=GND Pin=C42-1
Added Pin To Net: NetName=NetC42_2 Pin=C42-2
Added Pin To Net: NetName=NetC26_2 Pin=CANC1-2
Added Pin To Net: NetName=NetBAT_IN_1 Pin=CANC1-5
Added Pin To Net: NetName=NetC25_2 Pin=CANC1-7
Added Pin To Net: NetName=NetCANC1_9 Pin=CANC1-9
Added Pin To Net: NetName=NetC6_2 Pin=CANC2-2
Added Pin To Net: NetName=NetBAT_IN_1 Pin=CANC2-5
Added Pin To Net: NetName=NetC5_2 Pin=CANC2-7
Added Pin To Net: NetName=NetCANC2_9 Pin=CANC2-9
Added Pin To Net: NetName=NetCc1_U_5v_REG_1_1 Pin=Cc1_U_5v_REG_1-1
Added Pin To Net: NetName=NetCc1_U_5v_REG_1_2 Pin=Cc1_U_5v_REG_1-2
Added Pin To Net: NetName=NetCc1_U_5v_REG_2_1 Pin=Cc1_U_5v_REG_2-1
Added Pin To Net: NetName=NetCc1_U_5v_REG_2_2 Pin=Cc1_U_5v_REG_2-2
Added Pin To Net: NetName=NetCMC2_IN1 Pin=CMC2-IN1
Added Pin To Net: NetName=NetCMC2_IN2 Pin=CMC2-IN2
Added Pin To Net: NetName=NetC25_2 Pin=CMC2-OUT1
Added Pin To Net: NetName=NetC26_2 Pin=CMC2-OUT2
Added Pin To Net: NetName=NetCMC_IN1 Pin=CMC-IN1
Added Pin To Net: NetName=NetCMC_IN2 Pin=CMC-IN2
Added Pin To Net: NetName=NetC5_2 Pin=CMC-OUT1
Added Pin To Net: NetName=NetC6_2 Pin=CMC-OUT2
Added Pin To Net: NetName=NetC3_2 Pin=DZen1-D1
Added Pin To Net: NetName=NetBAT_IN_1 Pin=DZen1-D2
Added Pin To Net: NetName=NetJ_12V1_1 Pin=J_12V1-1
Added Pin To Net: NetName=NetC1_U_5v_REG_1_2 Pin=J_12V1-2
Added Pin To Net: NetName=NetJ_12V2_1 Pin=J_12V2-1
Added Pin To Net: NetName=NetC1_U_5v_REG_2_2 Pin=J_12V2-2
Added Pin To Net: NetName=NetBAT_IN_2 Pin=J_Bat-1
Added Pin To Net: NetName=NetC1_U_EMI_Prot_1_1 Pin=J_Bat-2
Added Pin To Net: NetName=NetCANC2_9 Pin=J_Cbat1-1
Added Pin To Net: NetName=NetC1_U_EMI_Prot_1_1 Pin=J_Cbat1-2
Added Pin To Net: NetName=NetCANC1_9 Pin=J_Cbat2-1
Added Pin To Net: NetName=NetC1_U_EMI_Prot_1_1 Pin=J_Cbat2-2
Added Pin To Net: NetName=NetJ_EN1_1 Pin=J_EN1-1
Added Pin To Net: NetName=NetJ_EN1_2 Pin=J_EN1-2
Added Pin To Net: NetName=NetJ_EN1_1 Pin=J_EN2-1
Added Pin To Net: NetName=NetJ_EN2_2 Pin=J_EN2-2
Added Pin To Net: NetName=NetJ_INH2_1 Pin=J_INH2-1
Added Pin To Net: NetName=NetJ_INH2_2 Pin=J_INH2-2
Added Pin To Net: NetName=NetJ_INH2_1 Pin=J_INH-1
Added Pin To Net: NetName=NetJ_INH_2 Pin=J_INH-2
Added Pin To Net: NetName=NetCc1_U_5v_REG_1_2 Pin=L1_U_5v_REG_1-1
Added Pin To Net: NetName=NetC2_2 Pin=L1_U_5v_REG_1-2
Added Pin To Net: NetName=NetCc1_U_5v_REG_2_2 Pin=L1_U_5v_REG_2-1
Added Pin To Net: NetName=NetL1_U_5v_REG_2_2 Pin=L1_U_5v_REG_2-2
Added Pin To Net: NetName=NetC1_U_EMI_Prot_1_1 Pin=LFer_Lai_U_EMI_Prot_1-1
Added Pin To Net: NetName=NetC2_U_EMI_Prot_1_1 Pin=LFer_Lai_U_EMI_Prot_1-2
Added Pin To Net: NetName=NetC1_U_EMI_Prot_1_1 Pin=LFer_Lai_U_EMI_Prot_2-1
Added Pin To Net: NetName=NetC2_U_EMI_Prot_2_1 Pin=LFer_Lai_U_EMI_Prot_2-2
Added Pin To Net: NetName=NetC1_U_EMI_Prot_1_1 Pin=LFerr_M_U_EMI_Prot_Circ1-1
Added Pin To Net: NetName=NetC2_U_EMI_Prot_Circ1_1 Pin=LFerr_M_U_EMI_Prot_Circ1-2
Added Pin To Net: NetName=NetC1_U_EMI_Prot_1_1 Pin=LFerr_M_U_EMI_Prot_Circ2-1
Added Pin To Net: NetName=NetC2_U_EMI_Prot_Circ2_1 Pin=LFerr_M_U_EMI_Prot_Circ2-2
Added Pin To Net: NetName=NetC1_U_EMI_Prot_1_1 Pin=LFerr_M_U_EMI_Prot_Circ3-1
Added Pin To Net: NetName=NetC2_U_EMI_Prot_Circ3_1 Pin=LFerr_M_U_EMI_Prot_Circ3-2
Added Pin To Net: NetName=NetC33_2 Pin=LFerrite-1
Added Pin To Net: NetName=NetLFerrite_2 Pin=LFerrite-2
Added Pin To Net: NetName=NetLFerrite_2 Pin=LIN_Conn-1
Added Pin To Net: NetName=NetCc1_U_5v_REG_1_1 Pin=LM2678-5_U_5v_REG_1-CB
Added Pin To Net: NetName=NetJ_EN1_2 Pin=LM2678-5_U_5v_REG_1-EN
Added Pin To Net: NetName=NetC2_2 Pin=LM2678-5_U_5v_REG_1-FB
Added Pin To Net: NetName=NetBAT_IN_1 Pin=LM2678-5_U_5v_REG_1-GND
Added Pin To Net: NetName=NetBAT_IN_1 Pin=LM2678-5_U_5v_REG_1-GND
Added Pin To Net: NetName=NetC1_U_5v_REG_1_2 Pin=LM2678-5_U_5v_REG_1-In
Added Pin To Net: NetName=NetCc1_U_5v_REG_1_2 Pin=LM2678-5_U_5v_REG_1-S_Out
Added Pin To Net: NetName=NetCc1_U_5v_REG_2_1 Pin=LM2678-5_U_5v_REG_2-CB
Added Pin To Net: NetName=NetJ_EN2_2 Pin=LM2678-5_U_5v_REG_2-EN
Added Pin To Net: NetName=NetL1_U_5v_REG_2_2 Pin=LM2678-5_U_5v_REG_2-FB
Added Pin To Net: NetName=NetC1_U_5v_REG_2_1 Pin=LM2678-5_U_5v_REG_2-GND
Added Pin To Net: NetName=NetC1_U_5v_REG_2_1 Pin=LM2678-5_U_5v_REG_2-GND
Added Pin To Net: NetName=NetC1_U_5v_REG_2_2 Pin=LM2678-5_U_5v_REG_2-In
Added Pin To Net: NetName=NetCc1_U_5v_REG_2_2 Pin=LM2678-5_U_5v_REG_2-S_Out
Added Pin To Net: NetName=GND Pin=P8-1
Added Pin To Net: NetName=GND Pin=P8-2
Added Pin To Net: NetName=MMC1_DAT7 Pin=P8-4
Added Pin To Net: NetName=MMC1_DAT2 Pin=P8-5
Added Pin To Net: NetName=GPIO1_12 Pin=P8-12
Added Pin To Net: NetName=GPIO0_27 Pin=P8-17
Added Pin To Net: NetName=GPIO2_1 Pin=P8-18
Added Pin To Net: NetName=MMC1_DAT4 Pin=P8-23
Added Pin To Net: NetName=GPIO1_29 Pin=P8-26
Added Pin To Net: NetName=GND Pin=P9-1
Added Pin To Net: NetName=GND Pin=P9-2
Added Pin To Net: NetName=VDD_3V3B Pin=P9-3
Added Pin To Net: NetName=VDD_3V3B Pin=P9-4
Added Pin To Net: NetName=VDD_5V Pin=P9-5
Added Pin To Net: NetName=VDD_5V Pin=P9-6
Added Pin To Net: NetName=SYS_5V Pin=P9-7
Added Pin To Net: NetName=SYS_5V Pin=P9-8
Added Pin To Net: NetName=I2C2_SCL Pin=P9-19
Added Pin To Net: NetName=I2C2_SDA Pin=P9-20
Added Pin To Net: NetName=UART2_TXD Pin=P9-21
Added Pin To Net: NetName=UART2_RXD Pin=P9-22
Added Pin To Net: NetName=UART1_TXD Pin=P9-24
Added Pin To Net: NetName=UART1_RXD Pin=P9-26
Added Pin To Net: NetName=VDD_ADC Pin=P9-32
Added Pin To Net: NetName=GNDA_ADC Pin=P9-34
Added Pin To Net: NetName=GND Pin=P9-43
Added Pin To Net: NetName=GND Pin=P9-44
Added Pin To Net: NetName=GND Pin=P9-45
Added Pin To Net: NetName=GND Pin=P9-46
Added Pin To Net: NetName=NetC25_2 Pin=PESD1CAN2-I1
Added Pin To Net: NetName=NetC26_2 Pin=PESD1CAN2-I2
Added Pin To Net: NetName=GND Pin=PESD1CAN2-O1
Added Pin To Net: NetName=NetC5_2 Pin=PESD1CAN-I1
Added Pin To Net: NetName=NetC6_2 Pin=PESD1CAN-I2
Added Pin To Net: NetName=GND Pin=PESD1CAN-O1
Added Pin To Net: NetName=NetBAT_IN_1 Pin=PESD1LIN-D1
Added Pin To Net: NetName=NetLFerrite_2 Pin=PESD1LIN-D2
Added Pin To Net: NetName=NetC2_U_EMI_Prot_1_1 Pin=PMOS_U_EMI_Prot_1-D
Added Pin To Net: NetName=NetBAT_IN_1 Pin=PMOS_U_EMI_Prot_1-G
Added Pin To Net: NetName=NetJ_12V1_1 Pin=PMOS_U_EMI_Prot_1-S
Added Pin To Net: NetName=NetC2_U_EMI_Prot_2_1 Pin=PMOS_U_EMI_Prot_2-D
Added Pin To Net: NetName=NetBAT_IN_1 Pin=PMOS_U_EMI_Prot_2-G
Added Pin To Net: NetName=NetJ_12V2_1 Pin=PMOS_U_EMI_Prot_2-S
Added Pin To Net: NetName=NetC2_U_EMI_Prot_Circ1_1 Pin=PMOS_U_EMI_Prot_Circ1-D
Added Pin To Net: NetName=GND Pin=PMOS_U_EMI_Prot_Circ1-G
Added Pin To Net: NetName=NetPMOS_U_EMI_Prot_Circ1_S Pin=PMOS_U_EMI_Prot_Circ1-S
Added Pin To Net: NetName=NetC2_U_EMI_Prot_Circ2_1 Pin=PMOS_U_EMI_Prot_Circ2-D
Added Pin To Net: NetName=GND Pin=PMOS_U_EMI_Prot_Circ2-G
Added Pin To Net: NetName=NetPMOS_U_EMI_Prot_Circ2_S Pin=PMOS_U_EMI_Prot_Circ2-S
Added Pin To Net: NetName=NetC2_U_EMI_Prot_Circ3_1 Pin=PMOS_U_EMI_Prot_Circ3-D
Added Pin To Net: NetName=NetBAT_IN_1 Pin=PMOS_U_EMI_Prot_Circ3-G
Added Pin To Net: NetName=NetC36_2 Pin=PMOS_U_EMI_Prot_Circ3-S
Added Pin To Net: NetName=NetPMOS_U_EMI_Prot_Circ1_S Pin=R1-1
Added Pin To Net: NetName=NetC1_2 Pin=R1-2
Added Pin To Net: NetName=NetC4_2 Pin=R2-1
Added Pin To Net: NetName=NetC5_2 Pin=R2-2
Added Pin To Net: NetName=NetC6_2 Pin=R3-1
Added Pin To Net: NetName=NetC4_2 Pin=R3-2
Added Pin To Net: NetName=UART2_RXD Pin=R11-1
Added Pin To Net: NetName=NetC3_2 Pin=R11-2
Added Pin To Net: NetName=NetJ_INH2_1 Pin=R14-1
Added Pin To Net: NetName=NetJ_EN1_1 Pin=R14-2
Added Pin To Net: NetName=NetPMOS_U_EMI_Prot_Circ2_S Pin=R21-1
Added Pin To Net: NetName=NetC21_2 Pin=R21-2
Added Pin To Net: NetName=NetC42_2 Pin=R22-1
Added Pin To Net: NetName=NetC25_2 Pin=R22-2
Added Pin To Net: NetName=NetC26_2 Pin=R23-1
Added Pin To Net: NetName=NetC42_2 Pin=R23-2
Added Pin To Net: NetName=NetL1_U_5v_REG_2_2 Pin=R34-1
Added Pin To Net: NetName=NetC3_2 Pin=R34-2
Added Pin To Net: NetName=NetBAT_IN_1 Pin=R42-1
Added Pin To Net: NetName=NetJ_EN1_1 Pin=R42-2
Added Pin To Net: NetName=NetBAT_IN_1 Pin=Reg1-1
Added Pin To Net: NetName=NetL1_U_5v_REG_2_2 Pin=Reg1-2
Added Pin To Net: NetName=NetBAT_IN_1 Pin=Reg2-1
Added Pin To Net: NetName=NetC2_2 Pin=Reg2-2
Added Pin To Net: NetName=NetCc1_U_5v_REG_1_2 Pin=Schott_D1_U_5v_REG_1-1
Added Pin To Net: NetName=NetCc1_U_5v_REG_1_2 Pin=Schott_D1_U_5v_REG_1-1
Added Pin To Net: NetName=NetBAT_IN_1 Pin=Schott_D1_U_5v_REG_1-2
Added Pin To Net: NetName=NetCc1_U_5v_REG_2_2 Pin=Schott_D1_U_5v_REG_2-1
Added Pin To Net: NetName=NetCc1_U_5v_REG_2_2 Pin=Schott_D1_U_5v_REG_2-1
Added Pin To Net: NetName=NetC1_U_5v_REG_2_1 Pin=Schott_D1_U_5v_REG_2-2
Added Pin To Net: NetName=NetC2_2 Pin=TanCap1_U_5v_REG_1-1
Added Pin To Net: NetName=NetBAT_IN_1 Pin=TanCap1_U_5v_REG_1-2
Added Pin To Net: NetName=NetL1_U_5v_REG_2_2 Pin=TanCap1_U_5v_REG_2-1
Added Pin To Net: NetName=NetC1_U_5v_REG_2_1 Pin=TanCap1_U_5v_REG_2-2
Added Pin To Net: NetName=NetC2_2 Pin=TanCap2_U_5v_REG_1-1
Added Pin To Net: NetName=NetBAT_IN_1 Pin=TanCap2_U_5v_REG_1-2
Added Pin To Net: NetName=NetL1_U_5v_REG_2_2 Pin=TanCap2_U_5v_REG_2-1
Added Pin To Net: NetName=NetC1_U_5v_REG_2_1 Pin=TanCap2_U_5v_REG_2-2
Added Pin To Net: NetName=NetC2_2 Pin=TanCap3_U_5v_REG_1-1
Added Pin To Net: NetName=NetBAT_IN_1 Pin=TanCap3_U_5v_REG_1-2
Added Pin To Net: NetName=NetL1_U_5v_REG_2_2 Pin=TanCap3_U_5v_REG_2-1
Added Pin To Net: NetName=NetC1_U_5v_REG_2_1 Pin=TanCap3_U_5v_REG_2-2
Added Pin To Net: NetName=NetC36_2 Pin=TJA1027-BAT
Added Pin To Net: NetName=NetBAT_IN_1 Pin=TJA1027-GND
Added Pin To Net: NetName=NetC33_2 Pin=TJA1027-LIN
Added Pin To Net: NetName=UART2_RXD Pin=TJA1027-RXDL
Added Pin To Net: NetName=GPIO0_27 Pin=TJA1027-SLPN
Added Pin To Net: NetName=UART2_TXD Pin=TJA1027-TXDL
Added Pin To Net: NetName=NetC1_2 Pin=TJA1043-1-BAT
Added Pin To Net: NetName=NetCMC_IN1 Pin=TJA1043-1-CANH
Added Pin To Net: NetName=NetCMC_IN2 Pin=TJA1043-1-CANL
Added Pin To Net: NetName=MMC1_DAT2 Pin=TJA1043-1-EN
Added Pin To Net: NetName=GPIO2_1 Pin=TJA1043-1-ERR_N
Added Pin To Net: NetName=NetBAT_IN_1 Pin=TJA1043-1-GND
Added Pin To Net: NetName=NetJ_INH_2 Pin=TJA1043-1-INH
Added Pin To Net: NetName=UART1_TXD Pin=TJA1043-1-RXD
Added Pin To Net: NetName=NetC4_2 Pin=TJA1043-1-SPLIT
Added Pin To Net: NetName=MMC1_DAT7 Pin=TJA1043-1-STB_N
Added Pin To Net: NetName=UART1_RXD Pin=TJA1043-1-TXD
Added Pin To Net: NetName=NetC2_2 Pin=TJA1043-1-VCC
Added Pin To Net: NetName=NetC3_2 Pin=TJA1043-1-VIO
Added Pin To Net: NetName=GND Pin=TJA1043-1-WAKE
Added Pin To Net: NetName=NetC21_2 Pin=TJA10432-BAT
Added Pin To Net: NetName=NetCMC2_IN1 Pin=TJA10432-CANH
Added Pin To Net: NetName=NetCMC2_IN2 Pin=TJA10432-CANL
Added Pin To Net: NetName=GPIO1_12 Pin=TJA10432-EN
Added Pin To Net: NetName=GPIO1_29 Pin=TJA10432-ERR_N
Added Pin To Net: NetName=NetBAT_IN_1 Pin=TJA10432-GND
Added Pin To Net: NetName=NetJ_INH2_2 Pin=TJA10432-INH
Added Pin To Net: NetName=I2C2_SCL Pin=TJA10432-RXD
Added Pin To Net: NetName=NetC42_2 Pin=TJA10432-SPLIT
Added Pin To Net: NetName=MMC1_DAT4 Pin=TJA10432-STB_N
Added Pin To Net: NetName=I2C2_SDA Pin=TJA10432-TXD
Added Pin To Net: NetName=NetC2_2 Pin=TJA10432-VCC
Added Pin To Net: NetName=NetC3_2 Pin=TJA10432-VIO
Added Pin To Net: NetName=GND Pin=TJA10432-WAKE
Added Member To Class: ClassName=U_Circuit_comp Member=Component BAT_IN Header 2
Added Member To Class: ClassName=U_5v_REG_1 Member=Component C1_U_5v_REG_1 (C1) Cap Semi
Added Member To Class: ClassName=U_5v_REG_2 Member=Component C1_U_5v_REG_2 (C1) Cap Semi
Added Member To Class: ClassName=U_EMI_Prot_1 Member=Component C1_U_EMI_Prot_1 (C1) Cap Semi
Added Member To Class: ClassName=U_EMI_Prot_2 Member=Component C1_U_EMI_Prot_2 (C1) Cap Semi
Added Member To Class: ClassName=U_EMI_Prot_Circ1 Member=Component C1_U_EMI_Prot_Circ1 (C1) Cap Semi
Added Member To Class: ClassName=U_EMI_Prot_Circ2 Member=Component C1_U_EMI_Prot_Circ2 (C1) Cap Semi
Added Member To Class: ClassName=U_EMI_Prot_Circ3 Member=Component C1_U_EMI_Prot_Circ3 (C1) Cap Semi
Added Member To Class: ClassName=CAN1 Member=Component C1 Cap Semi
Added Member To Class: ClassName=U_5v_REG_1 Member=Component C2_U_5v_REG_1 (C2) Cap Semi
Added Member To Class: ClassName=U_5v_REG_2 Member=Component C2_U_5v_REG_2 (C2) Cap Semi
Added Member To Class: ClassName=U_EMI_Prot_1 Member=Component C2_U_EMI_Prot_1 (C2) Cap Semi
Added Member To Class: ClassName=U_EMI_Prot_2 Member=Component C2_U_EMI_Prot_2 (C2) Cap Semi
Added Member To Class: ClassName=U_EMI_Prot_Circ1 Member=Component C2_U_EMI_Prot_Circ1 (C2) Cap Semi
Added Member To Class: ClassName=U_EMI_Prot_Circ2 Member=Component C2_U_EMI_Prot_Circ2 (C2) Cap Semi
Added Member To Class: ClassName=U_EMI_Prot_Circ3 Member=Component C2_U_EMI_Prot_Circ3 (C2) Cap Semi
Added Member To Class: ClassName=CAN1 Member=Component C2 Cap Semi
Added Member To Class: ClassName=U_5v_REG_1 Member=Component C3_U_5v_REG_1 (C3) Cap Semi
Added Member To Class: ClassName=U_5v_REG_2 Member=Component C3_U_5v_REG_2 (C3) Cap Semi
Added Member To Class: ClassName=CAN1 Member=Component C3 Cap Semi
Added Member To Class: ClassName=U_5v_REG_1 Member=Component C4_U_5v_REG_1 (C4) Cap Semi
Added Member To Class: ClassName=U_5v_REG_2 Member=Component C4_U_5v_REG_2 (C4) Cap Semi
Added Member To Class: ClassName=CAN1 Member=Component C4 Cap Semi
Added Member To Class: ClassName=CAN1 Member=Component C5 Cap Semi
Added Member To Class: ClassName=CAN1 Member=Component C6 Cap Semi
Added Member To Class: ClassName=U_LIN Member=Component C13 Cap Semi
Added Member To Class: ClassName=CAN2 Member=Component C21 Cap Semi
Added Member To Class: ClassName=CAN2 Member=Component C22 Cap Semi
Added Member To Class: ClassName=CAN2 Member=Component C25 Cap Semi
Added Member To Class: ClassName=CAN2 Member=Component C26 Cap Semi
Added Member To Class: ClassName=CAN2 Member=Component C32 Cap Semi
Added Member To Class: ClassName=U_LIN Member=Component C33 Cap Semi
Added Member To Class: ClassName=U_LIN Member=Component C36 Cap Semi
Added Member To Class: ClassName=CAN2 Member=Component C42 Cap Semi
Added Member To Class: ClassName=U_Circuit_comp Member=Component CANC1 D Connector 9
Added Member To Class: ClassName=U_Circuit_comp Member=Component CANC2 D Connector 9
Added Member To Class: ClassName=U_5v_REG_1 Member=Component Cc1_U_5v_REG_1 (Cc1) Cap Semi
Added Member To Class: ClassName=U_5v_REG_2 Member=Component Cc1_U_5v_REG_2 (Cc1) Cap Semi
Added Member To Class: ClassName=CAN2 Member=Component CMC2 Common_Mode_Choke
Added Member To Class: ClassName=CAN1 Member=Component CMC Common_Mode_Choke
Added Member To Class: ClassName=U_Power_Sources Member=Component DZen1 D_Zener
Added Member To Class: ClassName=U_Power_Sources Member=Component J_12V1 Header 2
Added Member To Class: ClassName=U_Power_Sources Member=Component J_12V2 Header 2
Added Member To Class: ClassName=U_Circuit_comp Member=Component J_Bat Header 2
Added Member To Class: ClassName=U_Circuit_comp Member=Component J_Cbat1 Header 2
Added Member To Class: ClassName=U_Circuit_comp Member=Component J_Cbat2 Header 2
Added Member To Class: ClassName=U_Power_Sources Member=Component J_EN1 Header 2
Added Member To Class: ClassName=U_Power_Sources Member=Component J_EN2 Header 2
Added Member To Class: ClassName=U_Circuit_comp Member=Component J_INH2 Header 2
Added Member To Class: ClassName=U_Circuit_comp Member=Component J_INH Header 2
Added Member To Class: ClassName=U_5v_REG_1 Member=Component L1_U_5v_REG_1 (L1) Inductor
Added Member To Class: ClassName=U_5v_REG_2 Member=Component L1_U_5v_REG_2 (L1) Inductor
Added Member To Class: ClassName=U_EMI_Prot_1 Member=Component LFer_Lai_U_EMI_Prot_1 (LFer_Lai) LFerrite_Laird
Added Member To Class: ClassName=U_EMI_Prot_2 Member=Component LFer_Lai_U_EMI_Prot_2 (LFer_Lai) LFerrite_Laird
Added Member To Class: ClassName=U_EMI_Prot_Circ1 Member=Component LFerr_M_U_EMI_Prot_Circ1 (LFerr_M) LFerrite_Murata
Added Member To Class: ClassName=U_EMI_Prot_Circ2 Member=Component LFerr_M_U_EMI_Prot_Circ2 (LFerr_M) LFerrite_Murata
Added Member To Class: ClassName=U_EMI_Prot_Circ3 Member=Component LFerr_M_U_EMI_Prot_Circ3 (LFerr_M) LFerrite_Murata
Added Member To Class: ClassName=U_LIN Member=Component LFerrite MMZ2012 Y202B
Added Member To Class: ClassName=U_Circuit_comp Member=Component LIN_Conn Plug
Added Member To Class: ClassName=U_5v_REG_1 Member=Component LM2678-5_U_5v_REG_1 (LM2678-5) LM2678-2207-5V
Added Member To Class: ClassName=U_5v_REG_2 Member=Component LM2678-5_U_5v_REG_2 (LM2678-5) LM2678-2207-5V
Added Member To Class: ClassName=U_Header_Conn Member=Component P8 FEMALE HEADER 2x23
Added Member To Class: ClassName=U_Header_Conn Member=Component P9 FEMALE HEADER 2x23
Added Member To Class: ClassName=CAN2 Member=Component PESD1CAN2 PESD1CAN
Added Member To Class: ClassName=CAN1 Member=Component PESD1CAN
Added Member To Class: ClassName=U_LIN Member=Component PESD1LIN
Added Member To Class: ClassName=U_EMI_Prot_1 Member=Component PMOS_U_EMI_Prot_1 (PMOS) PMOS
Added Member To Class: ClassName=U_EMI_Prot_2 Member=Component PMOS_U_EMI_Prot_2 (PMOS) PMOS
Added Member To Class: ClassName=U_EMI_Prot_Circ1 Member=Component PMOS_U_EMI_Prot_Circ1 (PMOS) PMOS
Added Member To Class: ClassName=U_EMI_Prot_Circ2 Member=Component PMOS_U_EMI_Prot_Circ2 (PMOS) PMOS
Added Member To Class: ClassName=U_EMI_Prot_Circ3 Member=Component PMOS_U_EMI_Prot_Circ3 (PMOS) PMOS
Added Member To Class: ClassName=CAN1 Member=Component R1 Res3
Added Member To Class: ClassName=CAN1 Member=Component R2 Res3
Added Member To Class: ClassName=CAN1 Member=Component R3 Res3
Added Member To Class: ClassName=U_LIN Member=Component R11 
Added Member To Class: ClassName=U_Power_Sources Member=Component R14 Res3
Added Member To Class: ClassName=CAN2 Member=Component R21 Res3
Added Member To Class: ClassName=CAN2 Member=Component R22 Res3
Added Member To Class: ClassName=CAN2 Member=Component R23 Res3
Added Member To Class: ClassName=U_Power_Sources Member=Component R34 Res3
Added Member To Class: ClassName=U_Power_Sources Member=Component R42 Res3
Added Member To Class: ClassName=U_Circuit_comp Member=Component Reg1 Header 2
Added Member To Class: ClassName=U_Circuit_comp Member=Component Reg2 Header 2
Added Member To Class: ClassName=U_5v_REG_1 Member=Component Schott_D1_U_5v_REG_1 (Schott_D1) Schottky_Diode
Added Member To Class: ClassName=U_5v_REG_2 Member=Component Schott_D1_U_5v_REG_2 (Schott_D1) Schottky_Diode
Added Member To Class: ClassName=U_5v_REG_1 Member=Component TanCap1_U_5v_REG_1 (TanCap1) Tantalum_Capacitor
Added Member To Class: ClassName=U_5v_REG_2 Member=Component TanCap1_U_5v_REG_2 (TanCap1) Tantalum_Capacitor
Added Member To Class: ClassName=U_5v_REG_1 Member=Component TanCap2_U_5v_REG_1 (TanCap2) Tantalum_Capacitor
Added Member To Class: ClassName=U_5v_REG_2 Member=Component TanCap2_U_5v_REG_2 (TanCap2) Tantalum_Capacitor
Added Member To Class: ClassName=U_5v_REG_1 Member=Component TanCap3_U_5v_REG_1 (TanCap3) Tantalum_Capacitor
Added Member To Class: ClassName=U_5v_REG_2 Member=Component TanCap3_U_5v_REG_2 (TanCap3) Tantalum_Capacitor
Added Member To Class: ClassName=U_LIN Member=Component TJA1027
Added Member To Class: ClassName=CAN1 Member=Component TJA1043-1 TJA1043
Added Member To Class: ClassName=CAN2 Member=Component TJA10432 TJA1043
Added Room: Name=CAN1
Added Room: Name=CAN2
Added Room: Name=U_5v_REG_1
Added Room: Name=U_5v_REG_2
Added Room: Name=U_Circuit_comp
Added Room: Name=U_EMI_Prot_1
Added Room: Name=U_EMI_Prot_2
Added Room: Name=U_EMI_Prot_Circ1
Added Room: Name=U_EMI_Prot_Circ2
Added Room: Name=U_EMI_Prot_Circ3
Added Room: Name=U_Header_Conn
Added Room: Name=U_LIN
Added Room: Name=U_Power_Sources
